2024-04-23 15:26:26,582 INFO  [org.jboss.modules] (main) JBoss Modules version 2.1.2.Final
2024-04-23 15:26:26,976 INFO  [org.jboss.msc] (main) JBoss MSC version 1.5.2.Final
2024-04-23 15:26:26,981 INFO  [org.jboss.threads] (main) JBoss Threads version 2.4.0.Final
2024-04-23 15:26:27,052 INFO  [org.jboss.as] (MSC service thread 1-1) WFLYSRV0049: WildFly Full 30.0.1.Final (WildFly Core 22.0.2.Final) starting
2024-04-23 15:26:27,053 DEBUG [org.jboss.as.config] (MSC service thread 1-1) Configured system properties:
	[Standalone] = 
	file.encoding = ISO-8859-1
	file.separator = /
	java.awt.headless = true
	java.class.path = /home/artorias/Desktop/Programming/JavaEE___Practices/Ejercicio 04/primera-api/target/server/jboss-modules.jar
	java.class.version = 61.0
	java.home = /root/.sdkman/candidates/java/17.0.4.1-tem
	java.io.tmpdir = /tmp
	java.library.path = /usr/java/packages/lib:/usr/lib64:/lib64:/lib:/usr/lib
	java.net.preferIPv4Stack = true
	java.runtime.name = OpenJDK Runtime Environment
	java.runtime.version = 17.0.4.1+1
	java.security.manager = allow
	java.specification.name = Java Platform API Specification
	java.specification.vendor = Oracle Corporation
	java.specification.version = 17
	java.util.logging.manager = org.jboss.logmanager.LogManager
	java.vendor = Eclipse Adoptium
	java.vendor.url = https://adoptium.net/
	java.vendor.url.bug = https://github.com/adoptium/adoptium-support/issues
	java.vendor.version = Temurin-17.0.4.1+1
	java.version = 17.0.4.1
	java.version.date = 2022-08-12
	java.vm.compressedOopsMode = 32-bit
	java.vm.info = mixed mode, sharing
	java.vm.name = OpenJDK 64-Bit Server VM
	java.vm.specification.name = Java Virtual Machine Specification
	java.vm.specification.vendor = Oracle Corporation
	java.vm.specification.version = 17
	java.vm.vendor = Eclipse Adoptium
	java.vm.version = 17.0.4.1+1
	javax.management.builder.initial = org.jboss.as.jmx.PluggableMBeanServerBuilder
	jboss.home.dir = /home/artorias/Desktop/Programming/JavaEE___Practices/Ejercicio 04/primera-api/target/server
	jboss.host.name = artorias
	jboss.modules.system.pkgs = org.jboss.byteman
	jboss.node.name = artorias
	jboss.qualified.host.name = artorias
	jboss.server.base.dir = /home/artorias/Desktop/Programming/JavaEE___Practices/Ejercicio 04/primera-api/target/server/standalone
	jboss.server.config.dir = /home/artorias/Desktop/Programming/JavaEE___Practices/Ejercicio 04/primera-api/target/server/standalone/configuration
	jboss.server.data.dir = /home/artorias/Desktop/Programming/JavaEE___Practices/Ejercicio 04/primera-api/target/server/standalone/data
	jboss.server.log.dir = /home/artorias/Desktop/Programming/JavaEE___Practices/Ejercicio 04/primera-api/target/server/standalone/log
	jboss.server.name = artorias
	jboss.server.persist.config = true
	jboss.server.temp.dir = /home/artorias/Desktop/Programming/JavaEE___Practices/Ejercicio 04/primera-api/target/server/standalone/tmp
	jdk.debug = release
	line.separator = 

	logging.configuration = file:/home/artorias/Desktop/Programming/JavaEE___Practices/Ejercicio 04/primera-api/target/server/standalone/configuration/logging.properties
	module.path = /home/artorias/Desktop/Programming/JavaEE___Practices/Ejercicio 04/primera-api/target/server/modules
	native.encoding = ISO-8859-1
	org.jboss.boot.log.file = /home/artorias/Desktop/Programming/JavaEE___Practices/Ejercicio 04/primera-api/target/server/standalone/log/server.log
	org.jboss.resolver.warning = true
	os.arch = amd64
	os.name = Linux
	os.version = 6.5.0-28-generic
	path.separator = :
	sun.arch.data.model = 64
	sun.boot.library.path = /root/.sdkman/candidates/java/17.0.4.1-tem/lib
	sun.cpu.endian = little
	sun.io.unicode.encoding = UnicodeLittle
	sun.java.command = /home/artorias/Desktop/Programming/JavaEE___Practices/Ejercicio 04/primera-api/target/server/jboss-modules.jar -mp /home/artorias/Desktop/Programming/JavaEE___Practices/Ejercicio 04/primera-api/target/server/modules org.jboss.as.standalone -c=standalone-full.xml
	sun.java.launcher = SUN_STANDARD
	sun.jnu.encoding = ISO-8859-1
	sun.management.compiler = HotSpot 64-Bit Tiered Compilers
	sun.stderr.encoding = ISO-8859-1
	sun.stdout.encoding = ISO-8859-1
	user.country = US
	user.dir = /home/artorias/Desktop/Programming/JavaEE___Practices/Ejercicio 04/primera-api
	user.home = /root
	user.language = en
	user.name = root
	user.timezone = America/Montevideo
2024-04-23 15:26:27,055 DEBUG [org.jboss.as.config] (MSC service thread 1-1) VM Arguments: -D[Standalone] -Xms64m -Xmx512m -Djava.net.preferIPv4Stack=true -Djava.awt.headless=true -Djboss.modules.system.pkgs=org.jboss.byteman --add-exports=java.base/sun.nio.ch=ALL-UNNAMED --add-exports=jdk.unsupported/sun.reflect=ALL-UNNAMED --add-exports=jdk.unsupported/sun.misc=ALL-UNNAMED --add-modules=java.se --add-exports=java.desktop/sun.awt=ALL-UNNAMED --add-exports=java.naming/com.sun.jndi.ldap=ALL-UNNAMED --add-exports=java.naming/com.sun.jndi.url.ldap=ALL-UNNAMED --add-exports=java.naming/com.sun.jndi.url.ldaps=ALL-UNNAMED --add-exports=jdk.naming.dns/com.sun.jndi.dns=ALL-UNNAMED --add-opens=java.base/java.lang=ALL-UNNAMED --add-opens=java.base/java.lang.invoke=ALL-UNNAMED --add-opens=java.base/java.lang.reflect=ALL-UNNAMED --add-opens=java.base/java.io=ALL-UNNAMED --add-opens=java.base/java.net=ALL-UNNAMED --add-opens=java.base/java.security=ALL-UNNAMED --add-opens=java.base/java.util=ALL-UNNAMED --add-opens=java.base/java.util.concurrent=ALL-UNNAMED --add-opens=java.management/javax.management=ALL-UNNAMED --add-opens=java.naming/javax.naming=ALL-UNNAMED --add-modules=java.se -Djava.security.manager=allow -Djboss.home.dir=/home/artorias/Desktop/Programming/JavaEE___Practices/Ejercicio 04/primera-api/target/server -Djboss.server.base.dir=/home/artorias/Desktop/Programming/JavaEE___Practices/Ejercicio 04/primera-api/target/server/standalone -Djboss.server.log.dir=/home/artorias/Desktop/Programming/JavaEE___Practices/Ejercicio 04/primera-api/target/server/standalone/log -Djboss.server.config.dir=/home/artorias/Desktop/Programming/JavaEE___Practices/Ejercicio 04/primera-api/target/server/standalone/configuration -Dorg.jboss.boot.log.file=/home/artorias/Desktop/Programming/JavaEE___Practices/Ejercicio 04/primera-api/target/server/standalone/log/server.log -Dlogging.configuration=file:/home/artorias/Desktop/Programming/JavaEE___Practices/Ejercicio 04/primera-api/target/server/standalone/configuration/logging.properties 
2024-04-23 15:26:27,473 INFO  [org.wildfly.security] (ServerService Thread Pool -- 23) ELY00001: WildFly Elytron version 2.2.2.Final
2024-04-23 15:26:27,800 INFO  [org.jboss.as.controller.management-deprecated] (ServerService Thread Pool -- 8) WFLYCTL0028: Attribute 'cluster' in the resource at address '/subsystem=ejb3/service=remote' is deprecated, and may be removed in a future version. See the attribute description in the output of the read-resource-description operation to learn more about the deprecation.
2024-04-23 15:26:27,856 INFO  [org.jboss.as.server] (Controller Boot Thread) WFLYSRV0039: Creating http management service using socket-binding (management-http)
2024-04-23 15:26:27,865 INFO  [org.xnio] (MSC service thread 1-8) XNIO version 3.8.11.Final
2024-04-23 15:26:27,872 INFO  [org.xnio.nio] (MSC service thread 1-8) XNIO NIO Implementation Version 3.8.11.Final
2024-04-23 15:26:27,894 INFO  [org.wildfly.extension.elytron.oidc._private] (ServerService Thread Pool -- 55) WFLYOIDC0001: Activating WildFly Elytron OIDC Subsystem
2024-04-23 15:26:27,899 INFO  [org.wildfly.iiop.openjdk] (ServerService Thread Pool -- 57) WFLYIIOP0001: Activating IIOP Subsystem
2024-04-23 15:26:27,918 INFO  [org.wildfly.extension.health] (ServerService Thread Pool -- 56) WFLYHEALTH0001: Activating Base Health Subsystem
2024-04-23 15:26:27,918 INFO  [org.jboss.as.jaxrs] (ServerService Thread Pool -- 60) WFLYRS0016: RESTEasy version 6.2.6.Final
2024-04-23 15:26:27,920 INFO  [org.wildfly.extension.io] (ServerService Thread Pool -- 59) WFLYIO001: Worker 'default' has auto-configured to 12 IO threads with 96 max task threads based on your 6 available processors
2024-04-23 15:26:27,921 INFO  [org.jboss.as.clustering.infinispan] (ServerService Thread Pool -- 58) WFLYCLINF0001: Activating Infinispan subsystem.
2024-04-23 15:26:27,929 INFO  [org.jboss.as.connector] (MSC service thread 1-1) WFLYJCA0009: Starting Jakarta Connectors Subsystem (WildFly/IronJacamar 3.0.4.Final)
2024-04-23 15:26:27,938 INFO  [org.wildfly.extension.microprofile.jwt.smallrye] (ServerService Thread Pool -- 70) WFLYJWT0001: Activating MicroProfile JWT Subsystem
2024-04-23 15:26:27,940 INFO  [org.jboss.as.connector.subsystems.datasources] (ServerService Thread Pool -- 46) WFLYJCA0004: Deploying JDBC-compliant driver class org.h2.Driver (version 2.2)
2024-04-23 15:26:27,943 INFO  [org.jboss.as.connector.deployers.jdbc] (MSC service thread 1-1) WFLYJCA0018: Started Driver service with driver-name = h2
2024-04-23 15:26:27,943 INFO  [org.jboss.remoting] (MSC service thread 1-5) JBoss Remoting version 5.0.27.Final
2024-04-23 15:26:27,958 INFO  [org.jboss.as.naming] (ServerService Thread Pool -- 71) WFLYNAM0001: Activating Naming Subsystem
2024-04-23 15:26:27,971 INFO  [org.wildfly.extension.metrics] (ServerService Thread Pool -- 68) WFLYMETRICS0001: Activating Base Metrics Subsystem
2024-04-23 15:26:27,987 INFO  [org.jboss.as.naming] (MSC service thread 1-1) WFLYNAM0003: Starting Naming Service
2024-04-23 15:26:27,987 WARN  [org.jboss.as.txn] (ServerService Thread Pool -- 78) WFLYTX0013: The node-identifier attribute on the /subsystem=transactions is set to the default value. This is a danger for environments running multiple servers. Please make sure the attribute value is unique.
2024-04-23 15:26:27,989 INFO  [org.jboss.as.mail.extension] (MSC service thread 1-3) WFLYMAIL0001: Bound mail session [java:jboss/mail/Default]
2024-04-23 15:26:28,005 WARN  [org.wildfly.extension.elytron] (MSC service thread 1-2) WFLYELY00023: KeyStore file '/home/artorias/Desktop/Programming/JavaEE___Practices/Ejercicio 04/primera-api/target/server/standalone/configuration/application.keystore' does not exist. Used blank.
2024-04-23 15:26:28,025 INFO  [org.jboss.as.jsf] (ServerService Thread Pool -- 65) WFLYJSF0007: Activated the following Jakarta Server Faces Implementations: [main]
2024-04-23 15:26:28,022 INFO  [org.wildfly.extension.microprofile.config.smallrye] (ServerService Thread Pool -- 69) WFLYCONF0001: Activating MicroProfile Config Subsystem
2024-04-23 15:26:28,037 INFO  [org.jboss.as.webservices] (ServerService Thread Pool -- 80) WFLYWS0002: Activating WebServices Extension
2024-04-23 15:26:28,043 WARN  [org.wildfly.extension.elytron] (MSC service thread 1-4) WFLYELY01084: KeyStore /home/artorias/Desktop/Programming/JavaEE___Practices/Ejercicio 04/primera-api/target/server/standalone/configuration/application.keystore not found, it will be auto-generated on first use with a self-signed certificate for host localhost
2024-04-23 15:26:28,072 INFO  [org.wildfly.extension.undertow] (MSC service thread 1-7) WFLYUT0003: Undertow 2.3.10.Final starting
2024-04-23 15:26:28,077 INFO  [org.jboss.as.ejb3] (MSC service thread 1-2) WFLYEJB0482: Strict pool mdb-strict-max-pool is using a max instance size of 24 (per class), which is derived from the number of CPUs on this host.
2024-04-23 15:26:28,088 INFO  [org.jboss.as.ejb3] (MSC service thread 1-5) WFLYEJB0481: Strict pool slsb-strict-max-pool is using a max instance size of 96 (per class), which is derived from thread worker pool sizing.
2024-04-23 15:26:28,158 INFO  [org.wildfly.extension.undertow] (ServerService Thread Pool -- 79) WFLYUT0014: Creating file handler for path '/home/artorias/Desktop/Programming/JavaEE___Practices/Ejercicio 04/primera-api/target/server/welcome-content' with options [directory-listing: 'false', follow-symlink: 'false', case-sensitive: 'true', safe-symlink-paths: '[]']
2024-04-23 15:26:28,162 INFO  [org.wildfly.extension.undertow] (MSC service thread 1-5) WFLYUT0012: Started server default-server.
2024-04-23 15:26:28,163 INFO  [org.wildfly.extension.undertow] (MSC service thread 1-5) Queuing requests.
2024-04-23 15:26:28,163 INFO  [org.wildfly.extension.undertow] (MSC service thread 1-5) WFLYUT0018: Host default-host starting
2024-04-23 15:26:28,233 INFO  [org.wildfly.extension.undertow] (MSC service thread 1-1) WFLYUT0006: Undertow HTTP listener default listening on 127.0.0.1:8080
2024-04-23 15:26:28,272 INFO  [org.wildfly.extension.undertow] (MSC service thread 1-3) WFLYUT0006: Undertow HTTPS listener https listening on 127.0.0.1:8443
2024-04-23 15:26:28,276 INFO  [org.jboss.as.ejb3] (MSC service thread 1-7) WFLYEJB0493: Jakarta Enterprise Beans subsystem suspension complete
2024-04-23 15:26:28,320 INFO  [org.jboss.as.connector.subsystems.datasources] (MSC service thread 1-8) WFLYJCA0001: Bound data source [java:jboss/datasources/ExampleDS]
2024-04-23 15:26:28,337 INFO  [org.wildfly.iiop.openjdk] (MSC service thread 1-4) WFLYIIOP0009: CORBA ORB Service started
2024-04-23 15:26:28,435 INFO  [org.jboss.as.server.deployment.scanner] (MSC service thread 1-3) WFLYDS0013: Started FileSystemDeploymentService for directory /home/artorias/Desktop/Programming/JavaEE___Practices/Ejercicio 04/primera-api/target/server/standalone/deployments
2024-04-23 15:26:28,437 INFO  [org.wildfly.extension.messaging-activemq] (MSC service thread 1-1) WFLYMSGAMQ0075: AIO wasn't located on this platform, it will fall back to using pure Java NIO. Your platform is Linux, install LibAIO to enable the AIO journal and achieve optimal performance.
2024-04-23 15:26:28,496 INFO  [org.jboss.ws.common.management] (MSC service thread 1-7) JBWS022052: Starting JBossWS 7.0.0.Final (Apache CXF 4.0.0) 
2024-04-23 15:26:28,525 INFO  [org.apache.activemq.artemis.core.server] (ServerService Thread Pool -- 82) AMQ221000: live Message Broker is starting with configuration Broker Configuration (clustered=false,journalDirectory=/home/artorias/Desktop/Programming/JavaEE___Practices/Ejercicio 04/primera-api/target/server/standalone/data/activemq/journal,bindingsDirectory=/home/artorias/Desktop/Programming/JavaEE___Practices/Ejercicio 04/primera-api/target/server/standalone/data/activemq/bindings,largeMessagesDirectory=/home/artorias/Desktop/Programming/JavaEE___Practices/Ejercicio 04/primera-api/target/server/standalone/data/activemq/largemessages,pagingDirectory=/home/artorias/Desktop/Programming/JavaEE___Practices/Ejercicio 04/primera-api/target/server/standalone/data/activemq/paging)
2024-04-23 15:26:28,546 INFO  [org.apache.activemq.artemis.core.server] (ServerService Thread Pool -- 82) AMQ221013: Using NIO Journal
2024-04-23 15:26:28,613 INFO  [org.apache.activemq.artemis.core.server] (ServerService Thread Pool -- 82) AMQ221043: Protocol module found: [artemis-server]. Adding protocol support for: CORE
2024-04-23 15:26:28,614 INFO  [org.apache.activemq.artemis.core.server] (ServerService Thread Pool -- 82) AMQ221043: Protocol module found: [artemis-amqp-protocol]. Adding protocol support for: AMQP
2024-04-23 15:26:28,614 INFO  [org.apache.activemq.artemis.core.server] (ServerService Thread Pool -- 82) AMQ221043: Protocol module found: [artemis-hornetq-protocol]. Adding protocol support for: HORNETQ
2024-04-23 15:26:28,615 INFO  [org.apache.activemq.artemis.core.server] (ServerService Thread Pool -- 82) AMQ221043: Protocol module found: [artemis-stomp-protocol]. Adding protocol support for: STOMP
2024-04-23 15:26:28,668 INFO  [org.apache.activemq.artemis.core.server] (ServerService Thread Pool -- 82) AMQ221034: Waiting indefinitely to obtain live lock
2024-04-23 15:26:28,668 INFO  [org.apache.activemq.artemis.core.server] (ServerService Thread Pool -- 82) AMQ221035: Live Server Obtained live lock
2024-04-23 15:26:28,772 INFO  [org.apache.activemq.artemis.core.server] (ServerService Thread Pool -- 82) AMQ221003: Deploying ANYCAST queue jms.queue.ExpiryQueue on address jms.queue.ExpiryQueue
2024-04-23 15:26:28,815 INFO  [org.apache.activemq.artemis.core.server] (ServerService Thread Pool -- 82) AMQ221003: Deploying ANYCAST queue jms.queue.DLQ on address jms.queue.DLQ
2024-04-23 15:26:28,821 INFO  [org.wildfly.extension.messaging-activemq] (MSC service thread 1-4) WFLYMSGAMQ0016: Registered HTTP upgrade for activemq-remoting protocol handled by http-acceptor-throughput acceptor
2024-04-23 15:26:28,821 INFO  [org.wildfly.extension.messaging-activemq] (MSC service thread 1-5) WFLYMSGAMQ0016: Registered HTTP upgrade for activemq-remoting protocol handled by http-acceptor-throughput acceptor
2024-04-23 15:26:28,821 INFO  [org.wildfly.extension.messaging-activemq] (MSC service thread 1-6) WFLYMSGAMQ0016: Registered HTTP upgrade for activemq-remoting protocol handled by http-acceptor acceptor
2024-04-23 15:26:28,822 INFO  [org.wildfly.extension.messaging-activemq] (MSC service thread 1-2) WFLYMSGAMQ0016: Registered HTTP upgrade for activemq-remoting protocol handled by http-acceptor acceptor
2024-04-23 15:26:28,947 INFO  [org.apache.activemq.artemis.core.server] (ServerService Thread Pool -- 82) AMQ221007: Server is now live
2024-04-23 15:26:28,947 INFO  [org.apache.activemq.artemis.core.server] (ServerService Thread Pool -- 82) AMQ221001: Apache ActiveMQ Artemis Message Broker version 2.31.2 [default, nodeID=001dde94-019f-11ef-bd1c-08002747486f] 
2024-04-23 15:26:28,955 INFO  [org.wildfly.extension.messaging-activemq] (ServerService Thread Pool -- 82) WFLYMSGAMQ0002: Bound messaging object to jndi name java:jboss/exported/jms/RemoteConnectionFactory
2024-04-23 15:26:28,964 INFO  [org.wildfly.extension.messaging-activemq] (ServerService Thread Pool -- 83) WFLYMSGAMQ0002: Bound messaging object to jndi name java:/ConnectionFactory
2024-04-23 15:26:28,995 INFO  [org.jboss.as.connector.deployment] (MSC service thread 1-4) WFLYJCA0007: Registered connection factory java:/JmsXA
2024-04-23 15:26:29,025 INFO  [org.apache.activemq.artemis.ra.ActiveMQRALogger] (MSC service thread 1-4) AMQ151007: Resource adaptor started
2024-04-23 15:26:29,026 INFO  [org.jboss.as.connector.services.resourceadapters.ResourceAdapterActivatorService$ResourceAdapterActivator] (MSC service thread 1-4) IJ020002: Deployed: file://RaActivatoractivemq-ra
2024-04-23 15:26:29,028 INFO  [org.jboss.as.connector.deployment] (MSC service thread 1-7) WFLYJCA0002: Bound Jakarta Connectors ConnectionFactory [java:/JmsXA]
2024-04-23 15:26:29,028 INFO  [org.jboss.as.connector.deployment] (MSC service thread 1-1) WFLYJCA0118: Binding connection factory named java:/JmsXA to alias java:jboss/DefaultJMSConnectionFactory
2024-04-23 15:26:29,120 INFO  [org.jboss.as.server] (Controller Boot Thread) WFLYSRV0212: Resuming server
2024-04-23 15:26:29,123 INFO  [org.jboss.as] (Controller Boot Thread) WFLYSRV0060: Http management interface listening on http://127.0.0.1:9990/management
2024-04-23 15:26:29,123 INFO  [org.jboss.as] (Controller Boot Thread) WFLYSRV0051: Admin console listening on http://127.0.0.1:9990
2024-04-23 15:26:29,125 INFO  [org.jboss.as] (Controller Boot Thread) WFLYSRV0025: WildFly Full 30.0.1.Final (WildFly Core 22.0.2.Final) started in 2800ms - Started 318 of 560 services (332 services are lazy, passive or on-demand) - Server configuration file in use: standalone-full.xml
2024-04-23 15:26:29,396 INFO  [org.jboss.as.repository] (management-handler-thread - 1) WFLYDR0001: Content added at location /home/artorias/Desktop/Programming/JavaEE___Practices/Ejercicio 04/primera-api/target/server/standalone/data/content/de/6a75d147f006e2a8f8f8840f30aaa325113fff/content
2024-04-23 15:26:29,409 INFO  [org.jboss.as.server.deployment] (MSC service thread 1-1) WFLYSRV0027: Starting deployment of "EmpleadosAPI.war" (runtime-name: "EmpleadosAPI.war")
2024-04-23 15:26:30,900 INFO  [org.jboss.weld.deployer] (MSC service thread 1-1) WFLYWELD0003: Processing weld deployment EmpleadosAPI.war
2024-04-23 15:26:30,989 INFO  [org.hibernate.validator.internal.util.Version] (MSC service thread 1-1) HV000001: Hibernate Validator 8.0.1.Final
2024-04-23 15:26:31,187 WARN  [org.jboss.as.jaxrs] (MSC service thread 1-6) WFLYRS0018: Explicit usage of Jackson annotation in a Jakarta RESTful Web Services deployment; the system will disable Jakarta JSON Binding processing for the current deployment. Consider setting the 'resteasy.preferJacksonOverJsonB' property to 'false' to restore Jakarta JSON Binding.
2024-04-23 15:26:31,207 INFO  [org.jboss.weld.Version] (MSC service thread 1-6) WELD-000900: 5.1.2 (Final)
2024-04-23 15:26:31,986 INFO  [org.wildfly.extension.undertow] (ServerService Thread Pool -- 83) WFLYUT0021: Registered web context: '/EmpleadosAPI' for server 'default-server'
2024-04-23 15:26:32,024 INFO  [org.jboss.as.server] (management-handler-thread - 1) WFLYSRV0010: Deployed "EmpleadosAPI.war" (runtime-name : "EmpleadosAPI.war")
2024-04-23 15:26:50,694 WARN  [org.jboss.as.weld] (default task-1) WFLYWELD0052: Using deployment classloader to load proxy classes for module com.fasterxml.jackson.jakarta.jackson-jakarta-json-provider. Package-private access will not work. To fix this the module should declare dependencies on [org.jboss.weld.core, org.jboss.weld.spi, org.jboss.weld.api]
2024-04-23 15:26:50,850 INFO  [stdout] (default task-1) Retornando todos los empleados
2024-04-23 15:26:50,851 INFO  [stdout] (default task-1) Invocando PostConstruct
2024-04-23 15:33:42,317 INFO  [org.wildfly.extension.undertow] (ServerService Thread Pool -- 83) WFLYUT0022: Unregistered web context: '/EmpleadosAPI' from server 'default-server'
2024-04-23 15:33:42,358 INFO  [org.jboss.as.server.deployment] (MSC service thread 1-8) WFLYSRV0028: Stopped deployment EmpleadosAPI.war (runtime-name: EmpleadosAPI.war) in 46ms
2024-04-23 15:33:42,387 INFO  [org.jboss.as.repository] (management-handler-thread - 1) WFLYDR0002: Content removed from location /home/artorias/Desktop/Programming/JavaEE___Practices/Ejercicio 04/primera-api/target/server/standalone/data/content/de/6a75d147f006e2a8f8f8840f30aaa325113fff/content
2024-04-23 15:33:42,388 INFO  [org.jboss.as.server] (management-handler-thread - 1) WFLYSRV0009: Undeployed "EmpleadosAPI.war" (runtime-name: "EmpleadosAPI.war")
2024-04-23 15:33:42,467 INFO  [org.jboss.as.server.deployment] (MSC service thread 1-4) WFLYSRV0027: Starting deployment of "EmpleadosAPI.war" (runtime-name: "EmpleadosAPI.war")
2024-04-23 15:33:43,501 INFO  [org.jboss.weld.deployer] (MSC service thread 1-7) WFLYWELD0003: Processing weld deployment EmpleadosAPI.war
2024-04-23 15:33:43,555 WARN  [org.jboss.as.jaxrs] (MSC service thread 1-7) WFLYRS0018: Explicit usage of Jackson annotation in a Jakarta RESTful Web Services deployment; the system will disable Jakarta JSON Binding processing for the current deployment. Consider setting the 'resteasy.preferJacksonOverJsonB' property to 'false' to restore Jakarta JSON Binding.
2024-04-23 15:33:43,880 INFO  [org.wildfly.extension.undertow] (ServerService Thread Pool -- 89) WFLYUT0021: Registered web context: '/EmpleadosAPI' for server 'default-server'
2024-04-23 15:33:43,891 INFO  [org.jboss.as.server] (management-handler-thread - 1) WFLYSRV0010: Deployed "EmpleadosAPI.war" (runtime-name : "EmpleadosAPI.war")
2024-04-23 15:33:47,000 WARN  [org.jboss.as.weld] (default task-1) WFLYWELD0052: Using deployment classloader to load proxy classes for module com.fasterxml.jackson.jakarta.jackson-jakarta-json-provider. Package-private access will not work. To fix this the module should declare dependencies on [org.jboss.weld.core, org.jboss.weld.spi, org.jboss.weld.api]
2024-04-23 15:33:47,056 INFO  [stdout] (default task-1) Retornando todos los empleados
2024-04-23 15:33:47,057 INFO  [stdout] (default task-1) Invocando PostConstruct
2024-04-23 15:41:57,378 INFO  [org.wildfly.extension.undertow] (ServerService Thread Pool -- 89) WFLYUT0022: Unregistered web context: '/EmpleadosAPI' from server 'default-server'
2024-04-23 15:41:57,443 INFO  [org.jboss.as.server.deployment] (MSC service thread 1-7) WFLYSRV0028: Stopped deployment EmpleadosAPI.war (runtime-name: EmpleadosAPI.war) in 80ms
2024-04-23 15:41:57,450 INFO  [org.jboss.as.server.deployment] (MSC service thread 1-8) WFLYSRV0027: Starting deployment of "EmpleadosAPI.war" (runtime-name: "EmpleadosAPI.war")
2024-04-23 15:41:58,326 INFO  [org.jboss.weld.deployer] (MSC service thread 1-3) WFLYWELD0003: Processing weld deployment EmpleadosAPI.war
2024-04-23 15:41:58,377 WARN  [org.jboss.as.jaxrs] (MSC service thread 1-7) WFLYRS0018: Explicit usage of Jackson annotation in a Jakarta RESTful Web Services deployment; the system will disable Jakarta JSON Binding processing for the current deployment. Consider setting the 'resteasy.preferJacksonOverJsonB' property to 'false' to restore Jakarta JSON Binding.
2024-04-23 15:41:58,632 INFO  [org.wildfly.extension.undertow] (ServerService Thread Pool -- 91) WFLYUT0021: Registered web context: '/EmpleadosAPI' for server 'default-server'
2024-04-23 15:41:58,650 INFO  [org.jboss.as.server] (management-handler-thread - 1) WFLYSRV0013: Redeployed "EmpleadosAPI.war"
2024-04-23 15:42:01,065 WARN  [org.jboss.as.weld] (default task-1) WFLYWELD0052: Using deployment classloader to load proxy classes for module com.fasterxml.jackson.jakarta.jackson-jakarta-json-provider. Package-private access will not work. To fix this the module should declare dependencies on [org.jboss.weld.core, org.jboss.weld.spi, org.jboss.weld.api]
2024-04-23 15:42:01,158 INFO  [stdout] (default task-1) Creando nuevo empleado
2024-04-23 15:42:01,159 INFO  [stdout] (default task-1) Invocando PostConstruct
2024-04-23 15:42:06,395 INFO  [stdout] (default task-1) Retornando todos los empleados
2024-04-23 15:42:25,731 INFO  [stdout] (default task-1) Creando nuevo empleado
2024-04-23 15:43:32,101 INFO  [stdout] (default task-1) Retornando todos los empleados
2024-04-23 15:45:04,871 INFO  [org.wildfly.extension.undertow] (ServerService Thread Pool -- 91) WFLYUT0022: Unregistered web context: '/EmpleadosAPI' from server 'default-server'
2024-04-23 15:45:04,935 INFO  [org.jboss.as.server.deployment] (MSC service thread 1-4) WFLYSRV0028: Stopped deployment EmpleadosAPI.war (runtime-name: EmpleadosAPI.war) in 64ms
2024-04-23 15:45:04,936 INFO  [org.jboss.as.server.deployment] (MSC service thread 1-6) WFLYSRV0027: Starting deployment of "EmpleadosAPI.war" (runtime-name: "EmpleadosAPI.war")
2024-04-23 15:45:05,757 INFO  [org.jboss.weld.deployer] (MSC service thread 1-4) WFLYWELD0003: Processing weld deployment EmpleadosAPI.war
2024-04-23 15:45:05,801 WARN  [org.jboss.as.jaxrs] (MSC service thread 1-5) WFLYRS0018: Explicit usage of Jackson annotation in a Jakarta RESTful Web Services deployment; the system will disable Jakarta JSON Binding processing for the current deployment. Consider setting the 'resteasy.preferJacksonOverJsonB' property to 'false' to restore Jakarta JSON Binding.
2024-04-23 15:45:05,987 INFO  [org.wildfly.extension.undertow] (ServerService Thread Pool -- 92) WFLYUT0021: Registered web context: '/EmpleadosAPI' for server 'default-server'
2024-04-23 15:45:05,999 INFO  [org.jboss.as.server] (management-handler-thread - 1) WFLYSRV0013: Redeployed "EmpleadosAPI.war"
2024-04-23 15:45:23,032 WARN  [org.jboss.as.weld] (default task-1) WFLYWELD0052: Using deployment classloader to load proxy classes for module com.fasterxml.jackson.jakarta.jackson-jakarta-json-provider. Package-private access will not work. To fix this the module should declare dependencies on [org.jboss.weld.core, org.jboss.weld.spi, org.jboss.weld.api]
2024-04-23 15:45:23,070 INFO  [stdout] (default task-1) Retornando todos los empleados
2024-04-23 15:45:23,070 INFO  [stdout] (default task-1) Invocando PostConstruct
2024-04-23 15:45:33,024 INFO  [stdout] (default task-1) Buscando empleado especifico2
2024-04-23 15:45:40,849 INFO  [stdout] (default task-1) Eliminando empleado2
2024-04-23 15:47:43,008 INFO  [org.wildfly.extension.undertow] (ServerService Thread Pool -- 94) WFLYUT0022: Unregistered web context: '/EmpleadosAPI' from server 'default-server'
2024-04-23 15:47:43,052 INFO  [org.jboss.as.server.deployment] (MSC service thread 1-3) WFLYSRV0028: Stopped deployment EmpleadosAPI.war (runtime-name: EmpleadosAPI.war) in 46ms
2024-04-23 15:47:43,053 INFO  [org.jboss.as.server.deployment] (MSC service thread 1-3) WFLYSRV0027: Starting deployment of "EmpleadosAPI.war" (runtime-name: "EmpleadosAPI.war")
2024-04-23 15:47:43,988 INFO  [org.jboss.weld.deployer] (MSC service thread 1-1) WFLYWELD0003: Processing weld deployment EmpleadosAPI.war
2024-04-23 15:47:44,032 WARN  [org.jboss.as.jaxrs] (MSC service thread 1-5) WFLYRS0018: Explicit usage of Jackson annotation in a Jakarta RESTful Web Services deployment; the system will disable Jakarta JSON Binding processing for the current deployment. Consider setting the 'resteasy.preferJacksonOverJsonB' property to 'false' to restore Jakarta JSON Binding.
2024-04-23 15:47:44,279 INFO  [org.wildfly.extension.undertow] (ServerService Thread Pool -- 97) WFLYUT0021: Registered web context: '/EmpleadosAPI' for server 'default-server'
2024-04-23 15:47:44,295 INFO  [org.jboss.as.server] (management-handler-thread - 1) WFLYSRV0013: Redeployed "EmpleadosAPI.war"
2024-04-23 15:47:47,184 WARN  [org.jboss.as.weld] (default task-1) WFLYWELD0052: Using deployment classloader to load proxy classes for module com.fasterxml.jackson.jakarta.jackson-jakarta-json-provider. Package-private access will not work. To fix this the module should declare dependencies on [org.jboss.weld.core, org.jboss.weld.spi, org.jboss.weld.api]
2024-04-23 15:47:47,232 INFO  [stdout] (default task-1) Eliminando empleado2
2024-04-23 15:47:47,232 INFO  [stdout] (default task-1) Invocando PostConstruct
2024-04-23 15:48:22,567 INFO  [stdout] (default task-1) Retornando todos los empleados
2024-04-23 15:53:07,678 INFO  [stdout] (default task-1) Asignando tarea con id:2Al empleado con id: 4
2024-04-23 15:53:19,412 INFO  [stdout] (default task-1) Retornando todos los empleados
2024-04-23 15:53:19,419 ERROR [org.jboss.resteasy.core.providerfactory.DefaultExceptionMapper] (default task-1) RESTEASY002375: Error processing request GET /EmpleadosAPI/api/empleados/ - api.cliente.ClientRESTful.obtenerEmpleados: com.fasterxml.jackson.databind.exc.InvalidDefinitionException: Java 8 date/time type `java.time.LocalDate` not supported by default: add Module "com.fasterxml.jackson.datatype:jackson-datatype-jsr310" to enable handling (through reference chain: java.util.ArrayList[2]->api.Empleado["tareasEmpleado"]->java.util.ArrayList[0]->api.Tarea["fechaInicio"])
	at com.fasterxml.jackson.core.jackson-databind@2.15.2//com.fasterxml.jackson.databind.exc.InvalidDefinitionException.from(InvalidDefinitionException.java:77)
	at com.fasterxml.jackson.core.jackson-databind@2.15.2//com.fasterxml.jackson.databind.SerializerProvider.reportBadDefinition(SerializerProvider.java:1308)
	at com.fasterxml.jackson.core.jackson-databind@2.15.2//com.fasterxml.jackson.databind.ser.impl.UnsupportedTypeSerializer.serialize(UnsupportedTypeSerializer.java:35)
	at com.fasterxml.jackson.core.jackson-databind@2.15.2//com.fasterxml.jackson.databind.ser.BeanPropertyWriter.serializeAsField(BeanPropertyWriter.java:732)
	at com.fasterxml.jackson.core.jackson-databind@2.15.2//com.fasterxml.jackson.databind.ser.std.BeanSerializerBase.serializeFields(BeanSerializerBase.java:772)
	at com.fasterxml.jackson.core.jackson-databind@2.15.2//com.fasterxml.jackson.databind.ser.BeanSerializer.serialize(BeanSerializer.java:178)
	at com.fasterxml.jackson.core.jackson-databind@2.15.2//com.fasterxml.jackson.databind.ser.impl.IndexedListSerializer.serializeContents(IndexedListSerializer.java:119)
	at com.fasterxml.jackson.core.jackson-databind@2.15.2//com.fasterxml.jackson.databind.ser.impl.IndexedListSerializer.serialize(IndexedListSerializer.java:79)
	at com.fasterxml.jackson.core.jackson-databind@2.15.2//com.fasterxml.jackson.databind.ser.impl.IndexedListSerializer.serialize(IndexedListSerializer.java:18)
	at com.fasterxml.jackson.core.jackson-databind@2.15.2//com.fasterxml.jackson.databind.ser.BeanPropertyWriter.serializeAsField(BeanPropertyWriter.java:732)
	at com.fasterxml.jackson.core.jackson-databind@2.15.2//com.fasterxml.jackson.databind.ser.std.BeanSerializerBase.serializeFields(BeanSerializerBase.java:772)
	at com.fasterxml.jackson.core.jackson-databind@2.15.2//com.fasterxml.jackson.databind.ser.BeanSerializer.serialize(BeanSerializer.java:178)
	at com.fasterxml.jackson.core.jackson-databind@2.15.2//com.fasterxml.jackson.databind.ser.std.CollectionSerializer.serializeContents(CollectionSerializer.java:145)
	at com.fasterxml.jackson.core.jackson-databind@2.15.2//com.fasterxml.jackson.databind.ser.std.CollectionSerializer.serialize(CollectionSerializer.java:107)
	at com.fasterxml.jackson.core.jackson-databind@2.15.2//com.fasterxml.jackson.databind.ser.std.CollectionSerializer.serialize(CollectionSerializer.java:25)
	at com.fasterxml.jackson.core.jackson-databind@2.15.2//com.fasterxml.jackson.databind.ser.DefaultSerializerProvider._serialize(DefaultSerializerProvider.java:479)
	at com.fasterxml.jackson.core.jackson-databind@2.15.2//com.fasterxml.jackson.databind.ser.DefaultSerializerProvider.serializeValue(DefaultSerializerProvider.java:399)
	at com.fasterxml.jackson.core.jackson-databind@2.15.2//com.fasterxml.jackson.databind.ObjectWriter$Prefetch.serialize(ObjectWriter.java:1568)
	at com.fasterxml.jackson.core.jackson-databind@2.15.2//com.fasterxml.jackson.databind.ObjectWriter.writeValue(ObjectWriter.java:1061)
	at org.jboss.resteasy.resteasy-jackson2-provider@6.2.6.Final//org.jboss.resteasy.plugins.providers.jackson.ResteasyJackson2Provider.writeTo(ResteasyJackson2Provider.java:332)
	at org.jboss.resteasy.resteasy-core@6.2.6.Final//org.jboss.resteasy.core.messagebody.AsyncBufferedMessageBodyWriter.asyncWriteTo(AsyncBufferedMessageBodyWriter.java:24)
	at org.jboss.resteasy.resteasy-core@6.2.6.Final//org.jboss.resteasy.core.interception.jaxrs.ServerWriterInterceptorContext.writeTo(ServerWriterInterceptorContext.java:81)
	at org.jboss.resteasy.resteasy-core@6.2.6.Final//org.jboss.resteasy.core.interception.jaxrs.AbstractWriterInterceptorContext.asyncProceed(AbstractWriterInterceptorContext.java:190)
	at org.jboss.resteasy.resteasy-crypto@6.2.6.Final//org.jboss.resteasy.security.doseta.DigitalSigningInterceptor.asyncAroundWriteTo(DigitalSigningInterceptor.java:142)
	at org.jboss.resteasy.resteasy-core@6.2.6.Final//org.jboss.resteasy.core.interception.jaxrs.AbstractWriterInterceptorContext.asyncProceed(AbstractWriterInterceptorContext.java:196)
	at org.jboss.resteasy.resteasy-core@6.2.6.Final//org.jboss.resteasy.core.interception.jaxrs.AbstractWriterInterceptorContext.getStarted(AbstractWriterInterceptorContext.java:158)
	at org.jboss.resteasy.resteasy-core@6.2.6.Final//org.jboss.resteasy.core.interception.jaxrs.ServerWriterInterceptorContext.lambda$getStarted$0(ServerWriterInterceptorContext.java:68)
	at org.jboss.resteasy.resteasy-core@6.2.6.Final//org.jboss.resteasy.core.interception.jaxrs.ServerWriterInterceptorContext.aroundWriteTo(ServerWriterInterceptorContext.java:87)
	at org.jboss.resteasy.resteasy-core@6.2.6.Final//org.jboss.resteasy.core.interception.jaxrs.ServerWriterInterceptorContext.getStarted(ServerWriterInterceptorContext.java:68)
	at org.jboss.resteasy.resteasy-core@6.2.6.Final//org.jboss.resteasy.core.ServerResponseWriter.lambda$writeNomapResponse$3(ServerResponseWriter.java:166)
	at org.jboss.resteasy.resteasy-core@6.2.6.Final//org.jboss.resteasy.core.interception.jaxrs.ContainerResponseContextImpl.filter(ContainerResponseContextImpl.java:365)
	at org.jboss.resteasy.resteasy-core@6.2.6.Final//org.jboss.resteasy.core.ServerResponseWriter.executeFilters(ServerResponseWriter.java:243)
	at org.jboss.resteasy.resteasy-core@6.2.6.Final//org.jboss.resteasy.core.ServerResponseWriter.writeNomapResponse(ServerResponseWriter.java:100)
	at org.jboss.resteasy.resteasy-core@6.2.6.Final//org.jboss.resteasy.core.ServerResponseWriter.writeNomapResponse(ServerResponseWriter.java:73)
	at org.jboss.resteasy.resteasy-core@6.2.6.Final//org.jboss.resteasy.core.SynchronousDispatcher.writeResponse(SynchronousDispatcher.java:518)
	at org.jboss.resteasy.resteasy-core@6.2.6.Final//org.jboss.resteasy.core.SynchronousDispatcher.invoke(SynchronousDispatcher.java:458)
	at org.jboss.resteasy.resteasy-core@6.2.6.Final//org.jboss.resteasy.core.SynchronousDispatcher.lambda$invoke$4(SynchronousDispatcher.java:240)
	at org.jboss.resteasy.resteasy-core@6.2.6.Final//org.jboss.resteasy.core.SynchronousDispatcher.lambda$preprocess$0(SynchronousDispatcher.java:154)
	at org.jboss.resteasy.resteasy-core@6.2.6.Final//org.jboss.resteasy.core.interception.jaxrs.PreMatchContainerRequestContext.filter(PreMatchContainerRequestContext.java:321)
	at org.jboss.resteasy.resteasy-core@6.2.6.Final//org.jboss.resteasy.core.SynchronousDispatcher.preprocess(SynchronousDispatcher.java:157)
	at org.jboss.resteasy.resteasy-core@6.2.6.Final//org.jboss.resteasy.core.SynchronousDispatcher.invoke(SynchronousDispatcher.java:229)
	at org.jboss.resteasy.resteasy-core@6.2.6.Final//org.jboss.resteasy.plugins.server.servlet.ServletContainerDispatcher.service(ServletContainerDispatcher.java:222)
	at org.jboss.resteasy.resteasy-core@6.2.6.Final//org.jboss.resteasy.plugins.server.servlet.HttpServletDispatcher.service(HttpServletDispatcher.java:55)
	at org.jboss.resteasy.resteasy-core@6.2.6.Final//org.jboss.resteasy.plugins.server.servlet.HttpServletDispatcher.service(HttpServletDispatcher.java:51)
	at jakarta.servlet.api@6.0.0//jakarta.servlet.http.HttpServlet.service(HttpServlet.java:614)
	at io.undertow.servlet@2.3.10.Final//io.undertow.servlet.handlers.ServletHandler.handleRequest(ServletHandler.java:74)
	at io.undertow.servlet@2.3.10.Final//io.undertow.servlet.handlers.security.ServletSecurityRoleHandler.handleRequest(ServletSecurityRoleHandler.java:62)
	at io.undertow.servlet@2.3.10.Final//io.undertow.servlet.handlers.ServletChain$1.handleRequest(ServletChain.java:68)
	at io.undertow.servlet@2.3.10.Final//io.undertow.servlet.handlers.ServletDispatchingHandler.handleRequest(ServletDispatchingHandler.java:36)
	at org.wildfly.security.elytron-web.undertow-server@4.0.0.Final//org.wildfly.elytron.web.undertow.server.ElytronRunAsHandler.lambda$handleRequest$1(ElytronRunAsHandler.java:68)
	at org.wildfly.security.elytron-base@2.2.2.Final//org.wildfly.security.auth.server.FlexibleIdentityAssociation.runAsFunctionEx(FlexibleIdentityAssociation.java:103)
	at org.wildfly.security.elytron-base@2.2.2.Final//org.wildfly.security.auth.server.Scoped.runAsFunctionEx(Scoped.java:161)
	at org.wildfly.security.elytron-base@2.2.2.Final//org.wildfly.security.auth.server.Scoped.runAs(Scoped.java:73)
	at org.wildfly.security.elytron-web.undertow-server@4.0.0.Final//org.wildfly.elytron.web.undertow.server.ElytronRunAsHandler.handleRequest(ElytronRunAsHandler.java:67)
	at io.undertow.servlet@2.3.10.Final//io.undertow.servlet.handlers.RedirectDirHandler.handleRequest(RedirectDirHandler.java:68)
	at io.undertow.servlet@2.3.10.Final//io.undertow.servlet.handlers.security.SSLInformationAssociationHandler.handleRequest(SSLInformationAssociationHandler.java:117)
	at io.undertow.servlet@2.3.10.Final//io.undertow.servlet.handlers.security.ServletAuthenticationCallHandler.handleRequest(ServletAuthenticationCallHandler.java:57)
	at io.undertow.core@2.3.10.Final//io.undertow.server.handlers.PredicateHandler.handleRequest(PredicateHandler.java:43)
	at io.undertow.core@2.3.10.Final//io.undertow.security.handlers.AuthenticationConstraintHandler.handleRequest(AuthenticationConstraintHandler.java:53)
	at io.undertow.core@2.3.10.Final//io.undertow.security.handlers.AbstractConfidentialityHandler.handleRequest(AbstractConfidentialityHandler.java:46)
	at io.undertow.servlet@2.3.10.Final//io.undertow.servlet.handlers.security.ServletConfidentialityConstraintHandler.handleRequest(ServletConfidentialityConstraintHandler.java:64)
	at io.undertow.servlet@2.3.10.Final//io.undertow.servlet.handlers.security.ServletSecurityConstraintHandler.handleRequest(ServletSecurityConstraintHandler.java:60)
	at io.undertow.core@2.3.10.Final//io.undertow.security.handlers.AbstractSecurityContextAssociationHandler.handleRequest(AbstractSecurityContextAssociationHandler.java:43)
	at org.wildfly.security.elytron-web.undertow-server-servlet@4.0.0.Final//org.wildfly.elytron.web.undertow.server.servlet.CleanUpHandler.handleRequest(CleanUpHandler.java:38)
	at io.undertow.core@2.3.10.Final//io.undertow.server.handlers.PredicateHandler.handleRequest(PredicateHandler.java:43)
	at org.wildfly.extension.undertow@30.0.1.Final//org.wildfly.extension.undertow.security.jacc.JACCContextIdHandler.handleRequest(JACCContextIdHandler.java:44)
	at io.undertow.core@2.3.10.Final//io.undertow.server.handlers.PredicateHandler.handleRequest(PredicateHandler.java:43)
	at org.wildfly.extension.undertow@30.0.1.Final//org.wildfly.extension.undertow.deployment.GlobalRequestControllerHandler.handleRequest(GlobalRequestControllerHandler.java:51)
	at io.undertow.servlet@2.3.10.Final//io.undertow.servlet.handlers.SendErrorPageHandler.handleRequest(SendErrorPageHandler.java:52)
	at io.undertow.core@2.3.10.Final//io.undertow.server.handlers.PredicateHandler.handleRequest(PredicateHandler.java:43)
	at io.undertow.servlet@2.3.10.Final//io.undertow.servlet.handlers.ServletInitialHandler.handleFirstRequest(ServletInitialHandler.java:276)
	at io.undertow.servlet@2.3.10.Final//io.undertow.servlet.handlers.ServletInitialHandler$2.call(ServletInitialHandler.java:135)
	at io.undertow.servlet@2.3.10.Final//io.undertow.servlet.handlers.ServletInitialHandler$2.call(ServletInitialHandler.java:132)
	at io.undertow.servlet@2.3.10.Final//io.undertow.servlet.core.ServletRequestContextThreadSetupAction$1.call(ServletRequestContextThreadSetupAction.java:48)
	at io.undertow.servlet@2.3.10.Final//io.undertow.servlet.core.ContextClassLoaderSetupAction$1.call(ContextClassLoaderSetupAction.java:43)
	at org.wildfly.extension.undertow@30.0.1.Final//org.wildfly.extension.undertow.deployment.UndertowDeploymentInfoService$UndertowThreadSetupAction.lambda$create$0(UndertowDeploymentInfoService.java:1413)
	at org.wildfly.extension.undertow@30.0.1.Final//org.wildfly.extension.undertow.deployment.UndertowDeploymentInfoService$UndertowThreadSetupAction.lambda$create$0(UndertowDeploymentInfoService.java:1413)
	at org.wildfly.extension.undertow@30.0.1.Final//org.wildfly.extension.undertow.deployment.UndertowDeploymentInfoService$UndertowThreadSetupAction.lambda$create$0(UndertowDeploymentInfoService.java:1413)
	at org.wildfly.extension.undertow@30.0.1.Final//org.wildfly.extension.undertow.deployment.UndertowDeploymentInfoService$UndertowThreadSetupAction.lambda$create$0(UndertowDeploymentInfoService.java:1413)
	at io.undertow.servlet@2.3.10.Final//io.undertow.servlet.handlers.ServletInitialHandler.dispatchRequest(ServletInitialHandler.java:256)
	at io.undertow.servlet@2.3.10.Final//io.undertow.servlet.handlers.ServletInitialHandler$1.handleRequest(ServletInitialHandler.java:101)
	at io.undertow.core@2.3.10.Final//io.undertow.server.Connectors.executeRootHandler(Connectors.java:393)
	at io.undertow.core@2.3.10.Final//io.undertow.server.HttpServerExchange$1.run(HttpServerExchange.java:859)
	at org.jboss.threads@2.4.0.Final//org.jboss.threads.ContextClassLoaderSavingRunnable.run(ContextClassLoaderSavingRunnable.java:35)
	at org.jboss.threads@2.4.0.Final//org.jboss.threads.EnhancedQueueExecutor.safeRun(EnhancedQueueExecutor.java:1990)
	at org.jboss.threads@2.4.0.Final//org.jboss.threads.EnhancedQueueExecutor$ThreadBody.doRunTask(EnhancedQueueExecutor.java:1486)
	at org.jboss.threads@2.4.0.Final//org.jboss.threads.EnhancedQueueExecutor$ThreadBody.run(EnhancedQueueExecutor.java:1377)
	at org.jboss.xnio@3.8.11.Final//org.xnio.XnioWorker$WorkerThreadFactory$1$1.run(XnioWorker.java:1282)
	at java.base/java.lang.Thread.run(Thread.java:833)

2024-04-23 15:53:49,494 INFO  [stdout] (default task-1) Asignando tarea con id:1Al empleado con id: 1
2024-04-23 15:58:10,091 INFO  [org.wildfly.extension.undertow] (ServerService Thread Pool -- 97) WFLYUT0022: Unregistered web context: '/EmpleadosAPI' from server 'default-server'
2024-04-23 15:58:10,166 INFO  [org.jboss.as.server.deployment] (MSC service thread 1-2) WFLYSRV0028: Stopped deployment EmpleadosAPI.war (runtime-name: EmpleadosAPI.war) in 77ms
2024-04-23 15:58:10,167 INFO  [org.jboss.as.server.deployment] (MSC service thread 1-3) WFLYSRV0027: Starting deployment of "EmpleadosAPI.war" (runtime-name: "EmpleadosAPI.war")
2024-04-23 15:58:10,886 INFO  [org.jboss.weld.deployer] (MSC service thread 1-5) WFLYWELD0003: Processing weld deployment EmpleadosAPI.war
2024-04-23 15:58:10,921 WARN  [org.jboss.as.jaxrs] (MSC service thread 1-5) WFLYRS0018: Explicit usage of Jackson annotation in a Jakarta RESTful Web Services deployment; the system will disable Jakarta JSON Binding processing for the current deployment. Consider setting the 'resteasy.preferJacksonOverJsonB' property to 'false' to restore Jakarta JSON Binding.
2024-04-23 15:58:11,062 INFO  [org.wildfly.extension.undertow] (ServerService Thread Pool -- 98) WFLYUT0021: Registered web context: '/EmpleadosAPI' for server 'default-server'
2024-04-23 15:58:11,072 INFO  [org.jboss.as.server] (management-handler-thread - 2) WFLYSRV0013: Redeployed "EmpleadosAPI.war"
2024-04-23 15:58:16,713 INFO  [org.wildfly.extension.undertow] (ServerService Thread Pool -- 100) WFLYUT0022: Unregistered web context: '/EmpleadosAPI' from server 'default-server'
2024-04-23 15:58:16,789 INFO  [org.jboss.as.server.deployment] (MSC service thread 1-1) WFLYSRV0028: Stopped deployment EmpleadosAPI.war (runtime-name: EmpleadosAPI.war) in 77ms
2024-04-23 15:58:16,790 INFO  [org.jboss.as.server.deployment] (MSC service thread 1-1) WFLYSRV0027: Starting deployment of "EmpleadosAPI.war" (runtime-name: "EmpleadosAPI.war")
2024-04-23 15:58:17,651 INFO  [org.jboss.weld.deployer] (MSC service thread 1-2) WFLYWELD0003: Processing weld deployment EmpleadosAPI.war
2024-04-23 15:58:17,691 WARN  [org.jboss.as.jaxrs] (MSC service thread 1-6) WFLYRS0018: Explicit usage of Jackson annotation in a Jakarta RESTful Web Services deployment; the system will disable Jakarta JSON Binding processing for the current deployment. Consider setting the 'resteasy.preferJacksonOverJsonB' property to 'false' to restore Jakarta JSON Binding.
2024-04-23 15:58:17,904 INFO  [org.wildfly.extension.undertow] (ServerService Thread Pool -- 99) WFLYUT0021: Registered web context: '/EmpleadosAPI' for server 'default-server'
2024-04-23 15:58:17,913 INFO  [org.jboss.as.server] (management-handler-thread - 2) WFLYSRV0013: Redeployed "EmpleadosAPI.war"
2024-04-23 16:00:08,325 INFO  [org.wildfly.extension.undertow] (ServerService Thread Pool -- 101) WFLYUT0022: Unregistered web context: '/EmpleadosAPI' from server 'default-server'
2024-04-23 16:00:08,357 INFO  [org.jboss.as.server.deployment] (MSC service thread 1-3) WFLYSRV0028: Stopped deployment EmpleadosAPI.war (runtime-name: EmpleadosAPI.war) in 33ms
2024-04-23 16:00:08,358 INFO  [org.jboss.as.server.deployment] (MSC service thread 1-8) WFLYSRV0027: Starting deployment of "EmpleadosAPI.war" (runtime-name: "EmpleadosAPI.war")
2024-04-23 16:00:09,184 INFO  [org.jboss.weld.deployer] (MSC service thread 1-5) WFLYWELD0003: Processing weld deployment EmpleadosAPI.war
2024-04-23 16:00:09,239 WARN  [org.jboss.as.jaxrs] (MSC service thread 1-6) WFLYRS0018: Explicit usage of Jackson annotation in a Jakarta RESTful Web Services deployment; the system will disable Jakarta JSON Binding processing for the current deployment. Consider setting the 'resteasy.preferJacksonOverJsonB' property to 'false' to restore Jakarta JSON Binding.
2024-04-23 16:00:09,429 INFO  [org.wildfly.extension.undertow] (ServerService Thread Pool -- 99) WFLYUT0021: Registered web context: '/EmpleadosAPI' for server 'default-server'
2024-04-23 16:00:09,443 INFO  [org.jboss.as.server] (management-handler-thread - 2) WFLYSRV0013: Redeployed "EmpleadosAPI.war"
2024-04-23 16:00:26,250 INFO  [org.wildfly.extension.undertow] (ServerService Thread Pool -- 102) WFLYUT0022: Unregistered web context: '/EmpleadosAPI' from server 'default-server'
2024-04-23 16:00:26,289 INFO  [org.jboss.as.server.deployment] (MSC service thread 1-5) WFLYSRV0028: Stopped deployment EmpleadosAPI.war (runtime-name: EmpleadosAPI.war) in 38ms
2024-04-23 16:00:26,295 INFO  [org.jboss.as.server.deployment] (MSC service thread 1-7) WFLYSRV0027: Starting deployment of "EmpleadosAPI.war" (runtime-name: "EmpleadosAPI.war")
2024-04-23 16:00:27,123 INFO  [org.jboss.weld.deployer] (MSC service thread 1-6) WFLYWELD0003: Processing weld deployment EmpleadosAPI.war
2024-04-23 16:00:27,160 WARN  [org.jboss.as.jaxrs] (MSC service thread 1-5) WFLYRS0018: Explicit usage of Jackson annotation in a Jakarta RESTful Web Services deployment; the system will disable Jakarta JSON Binding processing for the current deployment. Consider setting the 'resteasy.preferJacksonOverJsonB' property to 'false' to restore Jakarta JSON Binding.
2024-04-23 16:00:27,424 INFO  [org.wildfly.extension.undertow] (ServerService Thread Pool -- 104) WFLYUT0021: Registered web context: '/EmpleadosAPI' for server 'default-server'
2024-04-23 16:00:27,439 INFO  [org.jboss.as.server] (management-handler-thread - 2) WFLYSRV0013: Redeployed "EmpleadosAPI.war"
2024-04-23 16:01:32,487 INFO  [org.wildfly.extension.undertow] (ServerService Thread Pool -- 99) WFLYUT0022: Unregistered web context: '/EmpleadosAPI' from server 'default-server'
2024-04-23 16:01:32,524 INFO  [org.jboss.as.server.deployment] (MSC service thread 1-4) WFLYSRV0028: Stopped deployment EmpleadosAPI.war (runtime-name: EmpleadosAPI.war) in 37ms
2024-04-23 16:01:32,526 INFO  [org.jboss.as.server.deployment] (MSC service thread 1-3) WFLYSRV0027: Starting deployment of "EmpleadosAPI.war" (runtime-name: "EmpleadosAPI.war")
2024-04-23 16:01:33,356 INFO  [org.jboss.weld.deployer] (MSC service thread 1-3) WFLYWELD0003: Processing weld deployment EmpleadosAPI.war
2024-04-23 16:01:33,391 WARN  [org.jboss.as.jaxrs] (MSC service thread 1-5) WFLYRS0018: Explicit usage of Jackson annotation in a Jakarta RESTful Web Services deployment; the system will disable Jakarta JSON Binding processing for the current deployment. Consider setting the 'resteasy.preferJacksonOverJsonB' property to 'false' to restore Jakarta JSON Binding.
2024-04-23 16:01:33,582 INFO  [org.wildfly.extension.undertow] (ServerService Thread Pool -- 106) WFLYUT0021: Registered web context: '/EmpleadosAPI' for server 'default-server'
2024-04-23 16:01:33,598 INFO  [org.jboss.as.server] (management-handler-thread - 2) WFLYSRV0013: Redeployed "EmpleadosAPI.war"
2024-04-23 16:03:09,426 INFO  [org.wildfly.extension.undertow] (ServerService Thread Pool -- 106) WFLYUT0022: Unregistered web context: '/EmpleadosAPI' from server 'default-server'
2024-04-23 16:03:09,480 INFO  [org.jboss.as.server.deployment] (MSC service thread 1-4) WFLYSRV0028: Stopped deployment EmpleadosAPI.war (runtime-name: EmpleadosAPI.war) in 58ms
2024-04-23 16:03:09,481 INFO  [org.jboss.as.server.deployment] (MSC service thread 1-2) WFLYSRV0027: Starting deployment of "EmpleadosAPI.war" (runtime-name: "EmpleadosAPI.war")
2024-04-23 16:03:10,129 INFO  [org.jboss.weld.deployer] (MSC service thread 1-4) WFLYWELD0003: Processing weld deployment EmpleadosAPI.war
2024-04-23 16:03:10,160 WARN  [org.jboss.as.jaxrs] (MSC service thread 1-8) WFLYRS0018: Explicit usage of Jackson annotation in a Jakarta RESTful Web Services deployment; the system will disable Jakarta JSON Binding processing for the current deployment. Consider setting the 'resteasy.preferJacksonOverJsonB' property to 'false' to restore Jakarta JSON Binding.
2024-04-23 16:03:10,320 INFO  [org.wildfly.extension.undertow] (ServerService Thread Pool -- 111) WFLYUT0021: Registered web context: '/EmpleadosAPI' for server 'default-server'
2024-04-23 16:03:10,337 INFO  [org.jboss.as.server] (management-handler-thread - 2) WFLYSRV0013: Redeployed "EmpleadosAPI.war"
2024-04-23 16:21:47,566 WARN  [org.jboss.as.weld] (default task-1) WFLYWELD0052: Using deployment classloader to load proxy classes for module com.fasterxml.jackson.jakarta.jackson-jakarta-json-provider. Package-private access will not work. To fix this the module should declare dependencies on [org.jboss.weld.core, org.jboss.weld.spi, org.jboss.weld.api]
2024-04-23 16:23:28,605 WARN  [org.wildfly.extension.elytron] (default task-1) WFLYELY01085: Generated self-signed certificate at /home/artorias/Desktop/Programming/JavaEE___Practices/Ejercicio 04/primera-api/target/server/standalone/configuration/application.keystore. Please note that self-signed certificates are not secure and should only be used for testing purposes. Do not use this self-signed certificate in production.
SHA-1 fingerprint of the generated key is b0:20:1c:54:66:ce:a9:de:4d:80:3c:5c:b0:a4:c4:da:b6:39:e7:fa
SHA-256 fingerprint of the generated key is 6b:44:05:c4:ea:a4:17:c4:75:af:65:d6:4b:90:7b:04:aa:f1:09:aa:38:5d:64:ed:d8:f2:f9:56:b4:ac:29:01
2024-04-23 16:23:49,296 INFO  [stdout] (default task-1) Retornando todos los empleados
2024-04-23 16:23:49,296 INFO  [stdout] (default task-1) Invocando PostConstruct
2024-04-23 16:24:02,056 INFO  [stdout] (default task-1) Retornando todos los empleados
2024-04-23 17:48:15,018 INFO  [stdout] (default task-1) Creando nuevo empleado
2024-04-23 17:54:46,826 INFO  [stdout] (default task-1) Eliminando empleado1
